c:\users\user\github repositorys\wallet\wallet\wallet\x64\debug\vc142.pdb
c:\users\user\github repositorys\wallet\wallet\wallet\x64\debug\vc142.idb
c:\users\user\github repositorys\wallet\wallet\wallet\x64\debug\withdraw.obj
c:\users\user\github repositorys\wallet\wallet\wallet\x64\debug\wallet.obj
c:\users\user\github repositorys\wallet\wallet\wallet\x64\debug\ui.obj
c:\users\user\github repositorys\wallet\wallet\wallet\x64\debug\textbox.obj
c:\users\user\github repositorys\wallet\wallet\wallet\x64\debug\text.obj
c:\users\user\github repositorys\wallet\wallet\wallet\x64\debug\mainmenu.obj
c:\users\user\github repositorys\wallet\wallet\wallet\x64\debug\main.obj
c:\users\user\github repositorys\wallet\wallet\wallet\x64\debug\deposit.obj
c:\users\user\github repositorys\wallet\wallet\wallet\x64\debug\button.obj
c:\users\user\github repositorys\wallet\wallet\wallet\x64\debug\application.obj
c:\users\user\github repositorys\wallet\wallet\x64\debug\wallet.exe
c:\users\user\github repositorys\wallet\wallet\wallet\x64\debug\wallet.ilk
c:\users\user\github repositorys\wallet\wallet\x64\debug\wallet.pdb
c:\users\user\github repositorys\wallet\wallet\wallet\x64\debug\wallet.tlog\cl.command.1.tlog
c:\users\user\github repositorys\wallet\wallet\wallet\x64\debug\wallet.tlog\cl.read.1.tlog
c:\users\user\github repositorys\wallet\wallet\wallet\x64\debug\wallet.tlog\cl.write.1.tlog
c:\users\user\github repositorys\wallet\wallet\wallet\x64\debug\wallet.tlog\link.command.1.tlog
c:\users\user\github repositorys\wallet\wallet\wallet\x64\debug\wallet.tlog\link.read.1.tlog
c:\users\user\github repositorys\wallet\wallet\wallet\x64\debug\wallet.tlog\link.write.1.tlog
