c:\users\user\github repositorys\wallet\wallet\wallet\x64\release\vc142.pdb
c:\users\user\github repositorys\wallet\wallet\wallet\x64\release\withdraw.obj
c:\users\user\github repositorys\wallet\wallet\wallet\x64\release\wallet.obj
c:\users\user\github repositorys\wallet\wallet\wallet\x64\release\ui.obj
c:\users\user\github repositorys\wallet\wallet\wallet\x64\release\textbox.obj
c:\users\user\github repositorys\wallet\wallet\wallet\x64\release\text.obj
c:\users\user\github repositorys\wallet\wallet\wallet\x64\release\mainmenu.obj
c:\users\user\github repositorys\wallet\wallet\wallet\x64\release\main.obj
c:\users\user\github repositorys\wallet\wallet\wallet\x64\release\deposit.obj
c:\users\user\github repositorys\wallet\wallet\wallet\x64\release\button.obj
c:\users\user\github repositorys\wallet\wallet\wallet\x64\release\application.obj
c:\users\user\github repositorys\wallet\wallet\x64\release\wallet.exe
c:\users\user\github repositorys\wallet\wallet\wallet\x64\release\wallet.ipdb
c:\users\user\github repositorys\wallet\wallet\wallet\x64\release\wallet.iobj
c:\users\user\github repositorys\wallet\wallet\x64\release\wallet.pdb
c:\users\user\github repositorys\wallet\wallet\wallet\x64\release\wallet.tlog\cl.command.1.tlog
c:\users\user\github repositorys\wallet\wallet\wallet\x64\release\wallet.tlog\cl.read.1.tlog
c:\users\user\github repositorys\wallet\wallet\wallet\x64\release\wallet.tlog\cl.write.1.tlog
c:\users\user\github repositorys\wallet\wallet\wallet\x64\release\wallet.tlog\link.command.1.tlog
c:\users\user\github repositorys\wallet\wallet\wallet\x64\release\wallet.tlog\link.read.1.tlog
c:\users\user\github repositorys\wallet\wallet\wallet\x64\release\wallet.tlog\link.write.1.tlog
